# JRE version: Java(TM) SE Runtime Environment (24.0.2+12) (build 24.0.2+12-54)
# Java VM: Java HotSpot(TM) 64-Bit Server VM (24.0.2+12-54, mixed mode, sharing, tiered, compressed oops, compressed class ptrs, g1 gc, windows-amd64)
GC Precious Log:
 CardTable entry size: 512
 Card Set container configuration: InlinePtr #cards 5 size 8 Array Of Cards #cards 10 size 36 Howl #buckets 4 coarsen threshold 1843 Howl Bitmap #cards 512 size 80 coarsen threshold 460 Card regions per heap region 1 cards per card region 2048
 CPUs: 4 total, 4 available
 Memory: 3504M
 Large Page Support: Disabled
 NUMA Support: Disabled
 Compressed Oops: Enabled (32-bit)
 Heap Region Size: 1M
 Heap Min Capacity: 8M
 Heap Initial Capacity: 56M
 Heap Max Capacity: 878M
 Pre-touch: Disabled
 Parallel Workers: 4
 Concurrent Workers: 1
 Concurrent Refinement Workers: 4
 Periodic GC: Disabled
Heap:
 garbage-first heap   total reserved 899072K, committed 55296K, used 41204K [0x00000000c9200000, 0x0000000100000000)
  region size 1024K, 25 young (25600K), 2 survivors (2048K)
 Metaspace       used 29279K, committed 29632K, reserved 1114112K
  class space    used 3105K, committed 3264K, reserved 1048576K
GC Heap History (10 events):
Event: 1.921 GC heap before
{Heap before GC invocations=0 (full 0):
 garbage-first heap   total reserved 899072K, committed 59392K, used 31860K [0x00000000c9200000, 0x0000000100000000)
  region size 1024K, 28 young (28672K), 0 survivors (0K)
 Metaspace       used 7185K, committed 7424K, reserved 1114112K
  class space    used 721K, committed 832K, reserved 1048576K
}
Event: 1.932 GC heap after
{Heap after GC invocations=1 (full 0):
 garbage-first heap   total reserved 899072K, committed 59392K, used 9171K [0x00000000c9200000, 0x0000000100000000)
  region size 1024K, 4 young (4096K), 4 survivors (4096K)
 Metaspace       used 7185K, committed 7424K, reserved 1114112K
  class space    used 721K, committed 832K, reserved 1048576K
}
Event: 2.592 GC heap before
{Heap before GC invocations=1 (full 0):
 garbage-first heap   total reserved 899072K, committed 59392K, used 29651K [0x00000000c9200000, 0x0000000100000000)
  region size 1024K, 25 young (25600K), 4 survivors (4096K)
 Metaspace       used 12498K, committed 12736K, reserved 1114112K
  class space    used 1406K, committed 1536K, reserved 1048576K
}
Event: 2.601 GC heap after
{Heap after GC invocations=2 (full 0):
 garbage-first heap   total reserved 899072K, committed 59392K, used 11049K [0x00000000c9200000, 0x0000000100000000)
  region size 1024K, 2 young (2048K), 2 survivors (2048K)
 Metaspace       used 12498K, committed 12736K, reserved 1114112K
  class space    used 1406K, committed 1536K, reserved 1048576K
}
Event: 3.208 GC heap before
{Heap before GC invocations=2 (full 0):
 garbage-first heap   total reserved 899072K, committed 59392K, used 34601K [0x00000000c9200000, 0x0000000100000000)
  region size 1024K, 26 young (26624K), 2 survivors (2048K)
 Metaspace       used 19661K, committed 19904K, reserved 1114112K
  class space    used 1954K, committed 2048K, reserved 1048576K
}
Event: 3.213 GC heap after
{Heap after GC invocations=3 (full 0):
 garbage-first heap   total reserved 899072K, committed 59392K, used 13536K [0x00000000c9200000, 0x0000000100000000)
  region size 1024K, 4 young (4096K), 4 survivors (4096K)
 Metaspace       used 19661K, committed 19904K, reserved 1114112K
  class space    used 1954K, committed 2048K, reserved 1048576K
}
Event: 3.456 GC heap before
{Heap before GC invocations=3 (full 0):
 garbage-first heap   total reserved 899072K, committed 59392K, used 22752K [0x00000000c9200000, 0x0000000100000000)
  region size 1024K, 14 young (14336K), 4 survivors (4096K)
 Metaspace       used 21340K, committed 21504K, reserved 1114112K
  class space    used 2163K, committed 2240K, reserved 1048576K
}
Event: 3.465 GC heap after
{Heap after GC invocations=4 (full 0):
 garbage-first heap   total reserved 899072K, committed 59392K, used 14680K [0x00000000c9200000, 0x0000000100000000)
  region size 1024K, 1 young (1024K), 1 survivors (1024K)
 Metaspace       used 21340K, committed 21504K, reserved 1114112K
  class space    used 2163K, committed 2240K, reserved 1048576K
}
Event: 4.927 GC heap before
{Heap before GC invocations=5 (full 0):
 garbage-first heap   total reserved 899072K, committed 55296K, used 42328K [0x00000000c9200000, 0x0000000100000000)
  region size 1024K, 28 young (28672K), 1 survivors (1024K)
 Metaspace       used 25615K, committed 25920K, reserved 1114112K
  class space    used 2618K, committed 2752K, reserved 1048576K
}
Event: 4.935 GC heap after
{Heap after GC invocations=6 (full 0):
 garbage-first heap   total reserved 899072K, committed 55296K, used 17652K [0x00000000c9200000, 0x0000000100000000)
  region size 1024K, 4 young (4096K), 4 survivors (4096K)
 Metaspace       used 25615K, committed 25920K, reserved 1114112K
  class space    used 2618K, committed 2752K, reserved 1048576K
}

